#
# There is insufficient memory for the Java Runtime Environment to continue.
# Native memory allocation (malloc) failed to allocate 304976 bytes for Chunk::new
# Possible reasons:
#   The system is out of physical RAM or swap space
#   In 32 bit mode, the process size limit was hit
# Possible solutions:
#   Reduce memory load on the system
#   Increase physical memory or swap space
#   Check if swap backing store is full
#   Use 64 bit Java on a 64 bit OS
#   Decrease Java heap size (-Xmx/-Xms)
#   Decrease number of Java threads
#   Decrease Java thread stack sizes (-Xss)
#   Set larger code cache with -XX:ReservedCodeCacheSize=
# This output file may be truncated or incomplete.
#
#  Out of Memory Error (allocation.cpp:390), pid=1680, tid=2240
#
# JRE version: Java(TM) SE Runtime Environment (8.0_91-b15) (build 1.8.0_91-b15)
# Java VM: Java HotSpot(TM) 64-Bit Server VM (25.91-b15 mixed mode windows-amd64 compressed oops)
# Failed to write core dump. Minidumps are not enabled by default on client versions of Windows
#

---------------  T H R E A D  ---------------

Current thread (0x0000000015069800):  JavaThread "C2 CompilerThread0" daemon [_thread_in_native, id=2240, stack(0x0000000016120000,0x0000000016220000)]

Stack: [0x0000000016120000,0x0000000016220000]
[error occurred during error reporting (printing stack bounds), id 0xc0000005]

Native frames: (J=compiled Java code, j=interpreted, Vv=VM code, C=native code)


Current CompileTask:
C2:  14964 1646   !   4       com.android.dx.cf.code.BytecodeArray::parseInstruction (2764 bytes)


---------------  P R O C E S S  ---------------

Java Threads: ( => current thread )
  0x0000000016751000 JavaThread "pool-1-thread-4" [_thread_blocked, id=5696, stack(0x0000000016d20000,0x0000000016e20000)]
  0x0000000016750800 JavaThread "pool-1-thread-3" [_thread_blocked, id=2484, stack(0x0000000016c20000,0x0000000016d20000)]
  0x000000001674c800 JavaThread "pool-1-thread-2" [_thread_blocked, id=3888, stack(0x0000000016b20000,0x0000000016c20000)]
  0x000000001673b800 JavaThread "pool-2-thread-1" [_thread_blocked, id=7984, stack(0x0000000016a20000,0x0000000016b20000)]
  0x000000001673a800 JavaThread "pool-1-thread-1" [_thread_blocked, id=1264, stack(0x0000000016920000,0x0000000016a20000)]
  0x00000000150c4000 JavaThread "Service Thread" daemon [_thread_blocked, id=5804, stack(0x0000000016320000,0x0000000016420000)]
  0x00000000150c1000 JavaThread "C1 CompilerThread1" daemon [_thread_blocked, id=3192, stack(0x0000000016220000,0x0000000016320000)]
=>0x0000000015069800 JavaThread "C2 CompilerThread0" daemon [_thread_in_native, id=2240, stack(0x0000000016120000,0x0000000016220000)]
  0x0000000015067800 JavaThread "Attach Listener" daemon [_thread_blocked, id=4296, stack(0x0000000016020000,0x0000000016120000)]
  0x0000000015064000 JavaThread "Signal Dispatcher" daemon [_thread_blocked, id=7652, stack(0x0000000015f20000,0x0000000016020000)]
  0x0000000002bd6800 JavaThread "Finalizer" daemon [_thread_blocked, id=5672, stack(0x0000000015cb0000,0x0000000015db0000)]
  0x0000000002bcc800 JavaThread "Reference Handler" daemon [_thread_blocked, id=6980, stack(0x0000000015bb0000,0x0000000015cb0000)]
  0x0000000002ae0800 JavaThread "main" [_thread_blocked, id=864, stack(0x00000000029e0000,0x0000000002ae0000)]

Other Threads:
  0x0000000015036000 VMThread [stack: 0x0000000015ab0000,0x0000000015bb0000] [id=3176]
  0x00000000150d1000 WatcherThread [stack: 0x0000000016420000,0x0000000016520000] [id=8132]

VM state:at safepoint (normal execution)

VM Mutex/Monitor currently owned by a thread:  ([mutex/lock_event])
[0x000000000293bab0] Threads_lock - owner thread: 0x0000000015036000
[0x000000000293bf30] Heap_lock - owner thread: 0x0000000002ae0800

Heap:
 PSYoungGen      total 21504K, used 17408K [0x00000000eab00000, 0x00000000ec400000, 0x0000000100000000)
  eden space 17408K, 100% used [0x00000000eab00000,0x00000000ebc00000,0x00000000ebc00000)
  from space 4096K, 0% used [0x00000000ebc00000,0x00000000ebc00000,0x00000000ec000000)
  to   space 4096K, 0% used [0x00000000ec000000,0x00000000ec000000,0x00000000ec400000)
 ParOldGen       total 22016K, used 21769K [0x00000000c0000000, 0x00000000c1580000, 0x00000000eab00000)
  object space 22016K, 98% used [0x00000000c0000000,0x00000000c1542448,0x00000000c1580000)
 Metaspace       used 6391K, capacity 7154K, committed 7296K, reserved 1056768K
  class space    used 605K, capacity 618K, committed 640K, reserved 1048576K

Card table byte_map: [0x0000000011fa0000,0x00000000121b0000] byte_map_base: 0x00000000119a0000

Marking Bits: (ParMarkBitMap*) 0x0000000074232f70
 Begin Bits: [0x0000000012510000, 0x0000000013510000)
 End Bits:   [0x0000000013510000, 0x0000000014510000)

Polling page: 0x0000000002910000

CodeCache: size=245760Kb used=7526Kb max_used=7526Kb free=238233Kb
 bounds [0x0000000002be0000, 0x0000000003340000, 0x0000000011be0000]
 total_blobs=2096 nmethods=1826 adapters=182
 compilation: enabled

Compilation events (10 events):
Event: 14.462 Thread 0x00000000150c1000 

Event: 14.463 Thread 0x00000000150c1000 1737       2       java.util.concurrent.ThreadPoolExecutor$Worker::lock (6 bytes)
Event: 14.463 Thread 0x00000000150c1000 nmethod 1737 0x00000000032efc50 code [0x00000000032efdc0, 0x00000000032f0028]
Event: 14.463 Thread 0x00000000150c1000 1738       2       java.util.concurrent.ThreadPoolExecutor::runStateAtLeast (11 bytes)
Event: 14.463 Thread 0x00000000150c1000 nmethod 1738 0x0000000002ce8ed0 code [0x0000000002ce9020, 0x0000000002ce9170]
Event: 14.463 Thread 0x00000000150c1000 1739       2       java.util.concurrent.ThreadPoolExecutor::beforeExecute (1 bytes)
Event: 14.463 Thread 0x00000000150c1000 nmethod 1739 0x0000000002ceaa50 code [0x0000000002ceaba0, 0x0000000002ceacf0]
Event: 14.463 Thread 0x00000000150c1000 1740       2       java.util.concurrent.ThreadPoolExecutor::afterExecute (1 bytes)
Event: 14.464 Thread 0x00000000150c1000 nmethod 1740 0x00000000032f0150 code [0x00000000032f02a0, 0x00000000032f03f0]
Event: 14.464 Thread 0x00000000150c1000 1741   !   2       java.util.concurrent.ThreadPoolExecutor::getTask (179 bytes)

GC Heap History (10 events):
Event: 11.710 GC heap before
{Heap before GC invocations=8 (full 0):
 PSYoungGen      total 21504K, used 21487K [0x00000000eab00000, 0x00000000ec400000, 0x0000000100000000)
  eden space 17408K, 100% used [0x00000000eab00000,0x00000000ebc00000,0x00000000ebc00000)
  from space 4096K, 99% used [0x00000000ebc00000,0x00000000ebffbda8,0x00000000ec000000)
  to   space 4096K, 0% used [0x00000000ec000000,0x00000000ec000000,0x00000000ec400000)
 ParOldGen       total 22016K, used 7592K [0x00000000c0000000, 0x00000000c1580000, 0x00000000eab00000)
  object space 22016K, 34% used [0x00000000c0000000,0x00000000c076a078,0x00000000c1580000)
 Metaspace       used 6241K, capacity 7090K, committed 7296K, reserved 1056768K
  class space    used 604K, capacity 618K, committed 640K, reserved 1048576K
Event: 11.812 GC heap after
Heap after GC invocations=8 (full 0):
 PSYoungGen      total 21504K, used 4090K [0x00000000eab00000, 0x00000000ec400000, 0x0000000100000000)
  eden space 17408K, 0% used [0x00000000eab00000,0x00000000eab00000,0x00000000ebc00000)
  from space 4096K, 99% used [0x00000000ec000000,0x00000000ec3feaa8,0x00000000ec400000)
  to   space 4096K, 0% used [0x00000000ebc00000,0x00000000ebc00000,0x00000000ec000000)
 ParOldGen       total 22016K, used 10687K [0x00000000c0000000, 0x00000000c1580000, 0x00000000eab00000)
  object space 22016K, 48% used [0x00000000c0000000,0x00000000c0a6fe60,0x00000000c1580000)
 Metaspace       used 6241K, capacity 7090K, committed 7296K, reserved 1056768K
  class space    used 604K, capacity 618K, committed 640K, reserved 1048576K
}
Event: 12.773 GC heap before
{Heap before GC invocations=9 (full 0):
 PSYoungGen      total 21504K, used 21498K [0x00000000eab00000, 0x00000000ec400000, 0x0000000100000000)
  eden space 17408K, 100% used [0x00000000eab00000,0x00000000ebc00000,0x00000000ebc00000)
  from space 4096K, 99% used [0x00000000ec000000,0x00000000ec3feaa8,0x00000000ec400000)
  to   space 4096K, 0% used [0x00000000ebc00000,0x00000000ebc00000,0x00000000ec000000)
 ParOldGen       total 22016K, used 10687K [0x00000000c0000000, 0x00000000c1580000, 0x00000000eab00000)
  object space 22016K, 48% used [0x00000000c0000000,0x00000000c0a6fe60,0x00000000c1580000)
 Metaspace       used 6258K, capacity 7090K, committed 7296K, reserved 1056768K
  class space    used 605K, capacity 618K, committed 640K, reserved 1048576K
Event: 12.869 GC heap after
Heap after GC invocations=9 (full 0):
 PSYoungGen      total 21504K, used 4090K [0x00000000eab00000, 0x00000000ec400000, 0x0000000100000000)
  eden space 17408K, 0% used [0x00000000eab00000,0x00000000eab00000,0x00000000ebc00000)
  from space 4096K, 99% used [0x00000000ebc00000,0x00000000ebffeaa8,0x00000000ec000000)
  to   space 4096K, 0% used [0x00000000ec000000,0x00000000ec000000,0x00000000ec400000)
 ParOldGen       total 22016K, used 13899K [0x00000000c0000000, 0x00000000c1580000, 0x00000000eab00000)
  object space 22016K, 63% used [0x00000000c0000000,0x00000000c0d92fc0,0x00000000c1580000)
 Metaspace       used 6258K, capacity 7090K, committed 7296K, reserved 1056768K
  class space    used 605K, capacity 618K, committed 640K, reserved 1048576K
}
Event: 13.146 GC heap before
{Heap before GC invocations=10 (full 0):
 PSYoungGen      total 21504K, used 21498K [0x00000000eab00000, 0x00000000ec400000, 0x0000000100000000)
  eden space 17408K, 100% used [0x00000000eab00000,0x00000000ebc00000,0x00000000ebc00000)
  from space 4096K, 99% used [0x00000000ebc00000,0x00000000ebffeaa8,0x00000000ec000000)
  to   space 4096K, 0% used [0x00000000ec000000,0x00000000ec000000,0x00000000ec400000)
 ParOldGen       total 22016K, used 13899K [0x00000000c0000000, 0x00000000c1580000, 0x00000000eab00000)
  object space 22016K, 63% used [0x00000000c0000000,0x00000000c0d92fc0,0x00000000c1580000)
 Metaspace       used 6262K, capacity 7090K, committed 7296K, reserved 1056768K
  class space    used 605K, capacity 618K, committed 640K, reserved 1048576K
Event: 13.164 GC heap after
Heap after GC invocations=10 (full 0):
 PSYoungGen      total 21504K, used 4064K [0x00000000eab00000, 0x00000000ec400000, 0x0000000100000000)
  eden space 17408K, 0% used [0x00000000eab00000,0x00000000eab00000,0x00000000ebc00000)
  from space 4096K, 99% used [0x00000000ec000000,0x00000000ec3f8010,0x00000000ec400000)
  to   space 4096K, 0% used [0x00000000ebc00000,0x00000000ebc00000,0x00000000ec000000)
 ParOldGen       total 22016K, used 16945K [0x00000000c0000000, 0x00000000c1580000, 0x00000000eab00000)
  object space 22016K, 76% used [0x00000000c0000000,0x00000000c108c630,0x00000000c1580000)
 Metaspace       used 6262K, capacity 7090K, committed 7296K, reserved 1056768K
  class space    used 605K, capacity 618K, committed 640K, reserved 1048576K
}
Event: 13.550 GC heap before
{Heap before GC invocations=11 (full 0):
 PSYoungGen      total 21504K, used 21472K [0x00000000eab00000, 0x00000000ec400000, 0x0000000100000000)
  eden space 17408K, 100% used [0x00000000eab00000,0x00000000ebc00000,0x00000000ebc00000)
  from space 4096K, 99% used [0x00000000ec000000,0x00000000ec3f8010,0x00000000ec400000)
  to   space 4096K, 0% used [0x00000000ebc00000,0x00000000ebc00000,0x00000000ec000000)
 ParOldGen       total 22016K, used 16945K [0x00000000c0000000, 0x00000000c1580000, 0x00000000eab00000)
  object space 22016K, 76% used [0x00000000c0000000,0x00000000c108c630,0x00000000c1580000)
 Metaspace       used 6306K, capacity 7154K, committed 7296K, reserved 1056768K
  class space    used 605K, capacity 618K, committed 640K, reserved 1048576K
Event: 13.568 GC heap after
Heap after GC invocations=11 (full 0):
 PSYoungGen      total 21504K, used 3184K [0x00000000eab00000, 0x00000000ec400000, 0x0000000100000000)
  eden space 17408K, 0% used [0x00000000eab00000,0x00000000eab00000,0x00000000ebc00000)
  from space 4096K, 77% used [0x00000000ebc00000,0x00000000ebf1c010,0x00000000ec000000)
  to   space 4096K, 0% used [0x00000000ec000000,0x00000000ec000000,0x00000000ec400000)
 ParOldGen       total 22016K, used 21004K [0x00000000c0000000, 0x00000000c1580000, 0x00000000eab00000)
  object space 22016K, 95% used [0x00000000c0000000,0x00000000c1483018,0x00000000c1580000)
 Metaspace       used 6306K, capacity 7154K, committed 7296K, reserved 1056768K
  class space    used 605K, capacity 618K, committed 640K, reserved 1048576K
}
Event: 13.568 GC heap before
{Heap before GC invocations=12 (full 1):
 PSYoungGen      total 21504K, used 3184K [0x00000000eab00000, 0x00000000ec400000, 0x0000000100000000)
  eden space 17408K, 0% used [0x00000000eab00000,0x00000000eab00000,0x00000000ebc00000)
  from space 4096K, 77% used [0x00000000ebc00000,0x00000000ebf1c010,0x00000000ec000000)
  to   space 4096K, 0% used [0x00000000ec000000,0x00000000ec000000,0x00000000ec400000)
 ParOldGen       total 22016K, used 21004K [0x00000000c0000000, 0x00000000c1580000, 0x00000000eab00000)
  object space 22016K, 95% used [0x00000000c0000000,0x00000000c1483018,0x00000000c1580000)
 Metaspace       used 6306K, capacity 7154K, committed 7296K, reserved 1056768K
  class space    used 605K, capacity 618K, committed 640K, reserved 1048576K
Event: 14.405 GC heap after
Heap after GC invocations=12 (full 1):
 PSYoungGen      total 21504K, used 0K [0x00000000eab00000, 0x00000000ec400000, 0x0000000100000000)
  eden space 17408K, 0% used [0x00000000eab00000,0x00000000eab00000,0x00000000ebc00000)
  from space 4096K, 0% used [0x00000000ebc00000,0x00000000ebc00000,0x00000000ec000000)
  to   space 4096K, 0% used [0x00000000ec000000,0x00000000ec000000,0x00000000ec400000)
 ParOldGen       total 22016K, used 19836K [0x00000000c0000000, 0x00000000c1580000, 0x00000000eab00000)
  object space 22016K, 90% used [0x00000000c0000000,0x00000000c135f000,0x00000000c1580000)
 Metaspace       used 6306K, capacity 7154K, committed 7296K, reserved 1056768K
  class space    used 605K, capacity 618K, committed 640K, reserved 1048576K
}

Deoptimization events (10 events):
Event: 11.689 Thread 0x000000001674c800 Uncommon trap: reason=bimorphic action=maybe_recompile pc=0x0000000002dfa194 method=java.util.HashMap.getNode(ILjava/lang/Object;)Ljava/util/HashMap$Node; @ 126
Event: 11.689 Thread 0x000000001674c800 Uncommon trap: reason=bimorphic action=maybe_recompile pc=0x0000000002dfa194 method=java.util.HashMap.getNode(ILjava/lang/Object;)Ljava/util/HashMap$Node; @ 126
Event: 11.689 Thread 0x000000001674c800 Uncommon trap: reason=bimorphic action=maybe_recompile pc=0x00000000031b209c method=java.util.HashMap.getNode(ILjava/lang/Object;)Ljava/util/HashMap$Node; @ 126
Event: 11.690 Thread 0x000000001674c800 Uncommon trap: reason=bimorphic action=maybe_recompile pc=0x00000000031b209c method=java.util.HashMap.getNode(ILjava/lang/Object;)Ljava/util/HashMap$Node; @ 126
Event: 11.690 Thread 0x000000001674c800 Uncommon trap: reason=bimorphic action=maybe_recompile pc=0x0000000002dfa194 method=java.util.HashMap.getNode(ILjava/lang/Object;)Ljava/util/HashMap$Node; @ 126
Event: 11.845 Thread 0x000000001673a800 Uncommon trap: reason=unstable_if action=reinterpret pc=0x00000000030ebebc method=com.android.dx.util.IntList.binarysearch(I)I @ 105
Event: 12.328 Thread 0x000000001674c800 Uncommon trap: reason=unstable_if action=reinterpret pc=0x00000000031a3ac4 method=com.android.dx.ssa.SCCP.simulateBranch(Lcom/android/dx/ssa/SsaInsn;)V @ 64
Event: 12.331 Thread 0x000000001674c800 Uncommon trap: reason=unstable_if action=reinterpret pc=0x00000000030c3ddc method=com.android.dx.ssa.SsaMethod.updateOneDefinition(Lcom/android/dx/ssa/SsaInsn;Lcom/android/dx/rop/code/RegisterSpec;)V @ 4
Event: 12.977 Thread 0x000000001673a800 Uncommon trap: reason=bimorphic action=maybe_recompile pc=0x0000000003251f2c method=com.android.dx.cf.code.BytecodeArray.parseInstruction(ILcom/android/dx/cf/code/BytecodeArray$Visitor;)I @ 1501
Event: 12.979 Thread 0x000000001673a800 Uncommon trap: reason=bimorphic action=maybe_recompile pc=0x0000000003251f2c method=com.android.dx.cf.code.BytecodeArray.parseInstruction(ILcom/android/dx/cf/code/BytecodeArray$Visitor;)I @ 1501

Internal exceptions (2 events):
Event: 1.072 Thread 0x0000000002ae0800 Exception <a 'java/lang/NoSuchMethodError': Method sun.misc.Unsafe.defineClass(Ljava/lang/String;[BII)Ljava/lang/Class; name or signature does not match> (0x00000000eab07cc0) thrown at [C:\re\workspace\8-2-build-windows-amd64-cygwin\jdk8u91\7017\hotspot\srZ0Öô…(ñ?
Event: 1.072 Thread 0x0000000002ae0800 Exception <a 'java/lang/NoSuchMethodError': Method sun.misc.Unsafe.prefetchRead(Ljava/lang/Object;J)V name or signature does not match> (0x00000000eab07fa8) thrown at [C:\re\workspace\8-2-build-windows-amd64-cygwin\jdk8u91\7017\hotspot\src\share\vm\prims\j

Events (10 events):
Event: 13.323 Thread 0x0000000002ae0800 DEOPT PACKING pc=0x00000000032a4461 sp=0x0000000002adeca0
Event: 13.323 Thread 0x0000000002ae0800 DEOPT UNPACKING pc=0x0000000002c2747f sp=0x0000000002adea60 mode 0
Event: 13.329 Thread 0x0000000002ae0800 DEOPT PACKING pc=0x00000000032a1d12 sp=0x0000000002adeda0
Event: 13.329 Thread 0x0000000002ae0800 DEOPT UNPACKING pc=0x0000000002c2747f sp=0x0000000002adebb0 mode 0
Event: 13.342 Thread 0x0000000016750800 DEOPT PACKING pc=0x0000000003235b22 sp=0x0000000016d1e550
Event: 13.342 Thread 0x0000000016750800 DEOPT UNPACKING pc=0x0000000002c2747f sp=0x0000000016d1e310 mode 0
Event: 13.362 Executing VM operation: ParallelGCFailedAllocation
Event: 14.405 Executing VM operation: ParallelGCFailedAllocation done
Event: 14.460 Thread 0x00000000150c1000 flushing nmethod 0x0000000002ce8ed0
Event: 14.460 Thread 0x00000000150c1000 flushing nmethod 0x0000000002ceaa50


Dynamic libraries:
0x00007ff6ac2e0000 - 0x00007ff6ac317000 	C:\Program Files\Java\jdk1.8.0_91\bin\java.exe
0x00007ffa3c0d0000 - 0x00007ffa3c27a000 	C:\Windows\SYSTEM32\ntdll.dll
0x00007ffa3b880000 - 0x00007ffa3b9ba000 	C:\Windows\system32\KERNEL32.DLL
0x00007ffa39610000 - 0x00007ffa39720000 	C:\Windows\system32\KERNELBASE.dll
0x00007ffa38080000 - 0x00007ffa38108000 	C:\Windows\system32\apphelp.dll
0x00007ffa31100000 - 0x00007ffa3114f000 	C:\Windows\AppPatch\AppPatch64\AcGenral.DLL
0x00007ffa3be40000 - 0x00007ffa3bee7000 	C:\Windows\system32\msvcrt.dll
0x00007ffa39220000 - 0x00007ffa3924b000 	C:\Windows\SYSTEM32\SspiCli.dll
0x00007ffa3a030000 - 0x00007ffa3a081000 	C:\Windows\system32\SHLWAPI.dll
0x00007ffa3bbf0000 - 0x00007ffa3bd61000 	C:\Windows\system32\USER32.dll
0x00007ffa3ba70000 - 0x00007ffa3bbe8000 	C:\Windows\system32\ole32.dll
0x00007ffa3a1b0000 - 0x00007ffa3b5c7000 	C:\Windows\system32\SHELL32.dll
0x00007ffa38a10000 - 0x00007ffa38a2f000 	C:\Windows\SYSTEM32\USERENV.dll
0x00007ffa3a090000 - 0x00007ffa3a135000 	C:\Windows\system32\ADVAPI32.dll
0x00007ffa35fd0000 - 0x00007ffa35feb000 	C:\Windows\SYSTEM32\MPR.dll
0x00007ffa39ef0000 - 0x00007ffa3a026000 	C:\Windows\system32\RPCRT4.dll
0x00007ffa3bde0000 - 0x00007ffa3be37000 	C:\Windows\SYSTEM32\sechost.dll
0x00007ffa3bef0000 - 0x00007ffa3c0c6000 	C:\Windows\SYSTEM32\combase.dll
0x00007ffa3b5d0000 - 0x00007ffa3b715000 	C:\Windows\system32\GDI32.dll
0x00007ffa39440000 - 0x00007ffa39454000 	C:\Windows\SYSTEM32\profapi.dll
0x00007ffa37aa0000 - 0x00007ffa37b3f000 	C:\Windows\SYSTEM32\SHCORE.dll
0x00007ffa39b30000 - 0x00007ffa39b64000 	C:\Windows\system32\IMM32.DLL
0x00007ffa3b740000 - 0x00007ffa3b879000 	C:\Windows\system32\MSCTF.dll
0x00007ffa36680000 - 0x00007ffa368da000 	C:\Windows\WinSxS\amd64_microsoft.windows.common-controls_6595b64144ccf1df_6.0.9600.17031_none_6242a4b3ecbb55a1\COMCTL32.dll
0x00000000734c0000 - 0x0000000073592000 	C:\Program Files\Java\jdk1.8.0_91\jre\bin\msvcr100.dll
0x0000000073a20000 - 0x00000000742b3000 	C:\Program Files\Java\jdk1.8.0_91\jre\bin\server\jvm.dll
0x00007ffa37d40000 - 0x00007ffa37d49000 	C:\Windows\SYSTEM32\WSOCK32.dll
0x00007ffa2d350000 - 0x00007ffa2d36f000 	C:\Windows\SYSTEM32\WINMM.dll
0x00007ffa30600000 - 0x00007ffa3060a000 	C:\Windows\SYSTEM32\VERSION.dll
0x00007ffa39d10000 - 0x00007ffa39d17000 	C:\Windows\system32\PSAPI.DLL
0x00007ffa3bd70000 - 0x00007ffa3bdc8000 	C:\Windows\system32\WS2_32.dll
0x00007ffa2ce00000 - 0x00007ffa2ce2a000 	C:\Windows\SYSTEM32\WINMMBASE.dll
0x00007ffa3bdd0000 - 0x00007ffa3bdd9000 	C:\Windows\system32\NSI.dll
0x00007ffa39510000 - 0x00007ffa3955a000 	C:\Windows\SYSTEM32\cfgmgr32.dll
0x00007ffa382d0000 - 0x00007ffa382f6000 	C:\Windows\SYSTEM32\DEVOBJ.dll
0x0000000073930000 - 0x000000007393f000 	C:\Program Files\Java\jdk1.8.0_91\jre\bin\verify.dll
0x0000000073900000 - 0x0000000073929000 	C:\Program Files\Java\jdk1.8.0_91\jre\bin\java.dll
0x00000000738e0000 - 0x00000000738f6000 	C:\Program Files\Java\jdk1.8.0_91\jre\bin\zip.dll

VM Arguments:
jvm_args: -Xmx1024M -Dfile.encoding=windows-1252 -Duser.country=US -Duser.language=en -Duser.variant 
java_command: com.android.dx.command.Main --dex --num-threads=4 --output C:\Users\shameer\AndroidStudioProjects\Tabs\app\build\intermediates\pre-dexed\debug\classes-00606d98f0894199c9950c61085cd61af857df4e.jar C:\Users\shameer\AndroidStudioProjects\Tabs\app\build\intermediates\exploded-aar\com.android.support\support-v4\23.1.1\jars\classes.jar
java_class_path (initial): G:\android_sdk\build-tools\23.0.3\lib\dx.jar
Launcher Type: SUN_STANDARD

Environment Variables:
PATH=C:\ProgramData\Oracle\Java\javapath;C:\Windows\system32;C:\Windows;C:\Windows\System32\Wbem;C:\Windows\System32\WindowsPowerShell\v1.0\
USERNAME=shameer
OS=Windows_NT
PROCESSOR_IDENTIFIER=Intel64 Family 6 Model 58 Stepping 9, GenuineIntel



---------------  S Y S T E M  ---------------

OS: Windows 8.1 , 64 bit Build 9600 (6.3.9600.17031)

CPU:total 2 (2 cores per cpu, 1 threads per core) family 6 model 58 stepping 9, cmov, cx8, fxsr, mmx, sse, sse2, sse3, ssse3, sse4.1, sse4.2, popcnt, clmul, erms, tsc, tscinvbit, tscinv

Memory: 4k page, physical 1989996k(96476k free), swap 8019308k(3944k free)

vm_info: Java HotSpot(TM) 64-Bit Server VM (25.91-b15) for windows-amd64 JRE (1.8.0_91-b15), built on May 20 2016 17:43:15 by "java_re" with MS VC++ 10.0 (VS2010)

time: Fri Jul 29 11:52:11 2016
elapsed time: 16 seconds (0d 0h 0m 16s)

